<?xml version="1.0" encoding="UTF-8"?>
<!-- Generated by org.testng.reporters.JUnitXMLReporter -->
<testsuite ignored="0" hostname="DESKTOP-8EODA8M" failures="0" tests="4" name="chromBrowserTest" time="5.447" errors="0" timestamp="2023-01-22T14:07:23 IST">
  <testcase classname="package1.PraticePageTestClass" name="@BeforeTest launchBrowser" time="0.846">
    <failure type="org.openqa.selenium.SessionNotCreatedException" message="session not created: No matching capabilities found
Build info: version: &amp;apos;3.141.59&amp;apos;, revision: &amp;apos;e82be7d358&amp;apos;, time: &amp;apos;2018-11-14T08:17:03&amp;apos;
System info: host: &amp;apos;DESKTOP-8EODA8M&amp;apos;, ip: &amp;apos;192.168.0.105&amp;apos;, os.name: &amp;apos;Windows 10&amp;apos;, os.arch: &amp;apos;amd64&amp;apos;, os.version: &amp;apos;10.0&amp;apos;, java.version: &amp;apos;18.0.2&amp;apos;
Driver info: driver.version: ChromeDriver
remote stacktrace: Backtrace:
	Microsoft::Applications::Events::EventProperties::SetProperty [0x00007FF76C030992+15186]
	Microsoft::Applications::Events::EventProperty::EventProperty [0x00007FF76BFC94E2+828818]
	(No symbol) [0x00007FF76BC8ED90]
	(No symbol) [0x00007FF76BCF8877]
	(No symbol) [0x00007FF76BCF7B5E]
	(No symbol) [0x00007FF76BCF9655]
	(No symbol) [0x00007FF76BCF1D23]
	(No symbol) [0x00007FF76BCC3B80]
	(No symbol) [0x00007FF76BCC2B0E]
	(No symbol) [0x00007FF76BCC4344]
	Microsoft::Applications::Events::EventProperties::SetProperty [0x00007FF76BEAB190+182768]
	(No symbol) [0x00007FF76BD7EF45]
	Microsoft::Applications::Events::EventProperty::EventProperty [0x00007FF76BF094CA+42362]
	Microsoft::Applications::Events::EventProperty::EventProperty [0x00007FF76BF0C205+53941]
	Microsoft::Applications::Events::ILogManager::DispatchEventBroadcast [0x00007FF76C227D83+1456595]
	Microsoft::Applications::Events::EventProperty::EventProperty [0x00007FF76BFD1A3A+862954]
	Microsoft::Applications::Events::EventProperty::EventProperty [0x00007FF76BFD6B24+883668]
	Microsoft::Applications::Events::EventProperty::EventProperty [0x00007FF76BFD6C7C+884012]
	Microsoft::Applications::Events::EventProperty::EventProperty [0x00007FF76BFDFC4E+920830]
	BaseThreadInitThunk [0x00007FFB8FC37614+20]
	RtlUserThreadStart [0x00007FFB919A26A1+33]
">
      <![CDATA[org.openqa.selenium.SessionNotCreatedException: session not created: No matching capabilities found
Build info: version: '3.141.59', revision: 'e82be7d358', time: '2018-11-14T08:17:03'
System info: host: 'DESKTOP-8EODA8M', ip: '192.168.0.105', os.name: 'Windows 10', os.arch: 'amd64', os.version: '10.0', java.version: '18.0.2'
Driver info: driver.version: ChromeDriver
remote stacktrace: Backtrace:
Microsoft::Applications::Events::EventProperties::SetProperty [0x00007FF76C030992+15186]
Microsoft::Applications::Events::EventProperty::EventProperty [0x00007FF76BFC94E2+828818]
(No symbol) [0x00007FF76BC8ED90]
(No symbol) [0x00007FF76BCF8877]
(No symbol) [0x00007FF76BCF7B5E]
(No symbol) [0x00007FF76BCF9655]
(No symbol) [0x00007FF76BCF1D23]
(No symbol) [0x00007FF76BCC3B80]
(No symbol) [0x00007FF76BCC2B0E]
(No symbol) [0x00007FF76BCC4344]
Microsoft::Applications::Events::EventProperties::SetProperty [0x00007FF76BEAB190+182768]
(No symbol) [0x00007FF76BD7EF45]
Microsoft::Applications::Events::EventProperty::EventProperty [0x00007FF76BF094CA+42362]
Microsoft::Applications::Events::EventProperty::EventProperty [0x00007FF76BF0C205+53941]
Microsoft::Applications::Events::ILogManager::DispatchEventBroadcast [0x00007FF76C227D83+1456595]
Microsoft::Applications::Events::EventProperty::EventProperty [0x00007FF76BFD1A3A+862954]
Microsoft::Applications::Events::EventProperty::EventProperty [0x00007FF76BFD6B24+883668]
Microsoft::Applications::Events::EventProperty::EventProperty [0x00007FF76BFD6C7C+884012]
Microsoft::Applications::Events::EventProperty::EventProperty [0x00007FF76BFDFC4E+920830]
BaseThreadInitThunk [0x00007FFB8FC37614+20]
RtlUserThreadStart [0x00007FFB919A26A1+33]

at org.openqa.selenium.remote.W3CHandshakeResponse.lambda$errorHandler$0(W3CHandshakeResponse.java:62)
at org.openqa.selenium.remote.HandshakeResponse.lambda$getResponseFunction$0(HandshakeResponse.java:30)
at org.openqa.selenium.remote.ProtocolHandshake.lambda$createSession$0(ProtocolHandshake.java:126)
at java.base/java.util.stream.ReferencePipeline$3$1.accept(ReferencePipeline.java:197)
at java.base/java.util.Spliterators$ArraySpliterator.tryAdvance(Spliterators.java:1002)
at java.base/java.util.stream.ReferencePipeline.forEachWithCancel(ReferencePipeline.java:129)
at java.base/java.util.stream.AbstractPipeline.copyIntoWithCancel(AbstractPipeline.java:527)
at java.base/java.util.stream.AbstractPipeline.copyInto(AbstractPipeline.java:513)
at java.base/java.util.stream.AbstractPipeline.wrapAndCopyInto(AbstractPipeline.java:499)
at java.base/java.util.stream.FindOps$FindOp.evaluateSequential(FindOps.java:150)
at java.base/java.util.stream.AbstractPipeline.evaluate(AbstractPipeline.java:234)
at java.base/java.util.stream.ReferencePipeline.findFirst(ReferencePipeline.java:647)
at org.openqa.selenium.remote.ProtocolHandshake.createSession(ProtocolHandshake.java:128)
at org.openqa.selenium.remote.ProtocolHandshake.createSession(ProtocolHandshake.java:74)
at org.openqa.selenium.remote.HttpCommandExecutor.execute(HttpCommandExecutor.java:136)
at org.openqa.selenium.remote.service.DriverCommandExecutor.execute(DriverCommandExecutor.java:83)
at org.openqa.selenium.remote.RemoteWebDriver.execute(RemoteWebDriver.java:552)
at org.openqa.selenium.remote.RemoteWebDriver.startSession(RemoteWebDriver.java:213)
at org.openqa.selenium.remote.RemoteWebDriver.<init>(RemoteWebDriver.java:131)
at org.openqa.selenium.chrome.ChromeDriver.<init>(ChromeDriver.java:181)
at org.openqa.selenium.chrome.ChromeDriver.<init>(ChromeDriver.java:168)
at org.openqa.selenium.chrome.ChromeDriver.<init>(ChromeDriver.java:123)
at package1.PraticePageTestClass.launchBrowser(PraticePageTestClass.java:34)
at java.base/java.util.concurrent.FutureTask.run(FutureTask.java:264)
at java.base/java.util.concurrent.ThreadPoolExecutor.runWorker(ThreadPoolExecutor.java:1136)
at java.base/java.util.concurrent.ThreadPoolExecutor$Worker.run(ThreadPoolExecutor.java:635)
at java.base/java.lang.Thread.run(Thread.java:833)
... Removed 16 stack frames]]>
    </failure>
  </testcase> <!-- @BeforeTest launchBrowser -->
  <testcase classname="package1.PracticeFrameTestClass" name="@BeforeClass createPOMObjects" time="-1.674376643158E9">
    <skipped/>
  </testcase> <!-- @BeforeClass createPOMObjects -->
  <testcase classname="package1.PracticeFrameTestClass" name="@BeforeMethod openPracticePage" time="-1.674376643184E9">
    <skipped/>
  </testcase> <!-- @BeforeMethod openPracticePage -->
  <testcase classname="package1.PracticeFrameTestClass" name="@AfterMethod logoutFromApplication" time="-1.674376643203E9">
    <skipped/>
  </testcase> <!-- @AfterMethod logoutFromApplication -->
  <testcase classname="package1.PracticeFrameTestClass" name="@AfterClass cleanPOMObjects" time="-1.674376643212E9">
    <skipped/>
  </testcase> <!-- @AfterClass cleanPOMObjects -->
  <testcase classname="package1.PraticePageTestClass" name="@BeforeClass createPOMObjects" time="-1.674376643216E9">
    <skipped/>
  </testcase> <!-- @BeforeClass createPOMObjects -->
  <testcase classname="package1.PraticePageTestClass" name="@BeforeMethod openPracticePage" time="-1.674376643219E9">
    <skipped/>
  </testcase> <!-- @BeforeMethod openPracticePage -->
  <testcase classname="package1.PraticePageTestClass" name="@AfterMethod logoutFromApplication" time="-1.674376643228E9">
    <skipped/>
  </testcase> <!-- @AfterMethod logoutFromApplication -->
  <testcase classname="package1.PraticePageTestClass" name="@BeforeMethod openPracticePage" time="-1.674376643245E9">
    <skipped/>
  </testcase> <!-- @BeforeMethod openPracticePage -->
  <testcase classname="package1.PraticePageTestClass" name="@AfterMethod logoutFromApplication" time="-1.674376643266E9">
    <skipped/>
  </testcase> <!-- @AfterMethod logoutFromApplication -->
  <testcase classname="package1.PraticePageTestClass" name="@BeforeMethod openPracticePage" time="-1.674376643272E9">
    <skipped/>
  </testcase> <!-- @BeforeMethod openPracticePage -->
  <testcase classname="package1.PraticePageTestClass" name="@AfterMethod logoutFromApplication" time="-1.674376643295E9">
    <skipped/>
  </testcase> <!-- @AfterMethod logoutFromApplication -->
  <testcase classname="package1.PraticePageTestClass" name="@AfterClass cleanPOMObjects" time="-1.674376643298E9">
    <skipped/>
  </testcase> <!-- @AfterClass cleanPOMObjects -->
  <testcase classname="package1.PracticeFrameTestClass" name="@AfterTest closedBrowser" time="-1.6743766433E9">
    <skipped/>
  </testcase> <!-- @AfterTest closedBrowser -->
  <testcase classname="package1.PraticePageTestClass" name="@AfterTest closedBrowser" time="-1.674376643304E9">
    <skipped/>
  </testcase> <!-- @AfterTest closedBrowser -->
  <testcase classname="package1.PracticeFrameTestClass" name="verifyIframeexample" time="0.0">
    <skipped/>
  </testcase> <!-- verifyIframeexample -->
  <testcase classname="package1.PraticePageTestClass" name="verifyRow1example" time="0.0">
    <skipped/>
  </testcase> <!-- verifyRow1example -->
  <testcase classname="package1.PraticePageTestClass" name="verifyRow3Exmaple" time="0.0">
    <skipped/>
  </testcase> <!-- verifyRow3Exmaple -->
  <testcase classname="package1.PraticePageTestClass" name="verifyRow2Example" time="0.0">
    <skipped/>
  </testcase> <!-- verifyRow2Example -->
</testsuite> <!-- chromBrowserTest -->
