<html>
<head>
<title>TestNG:  chromBrowserTest</title>
<link href="../testng.css" rel="stylesheet" type="text/css" />
<link href="../my-testng.css" rel="stylesheet" type="text/css" />

<style type="text/css">
.log { display: none;} 
.stack-trace { display: none;} 
</style>
<script type="text/javascript">
<!--
function flip(e) {
  current = e.style.display;
  if (current == 'block') {
    e.style.display = 'none';
    return 0;
  }
  else {
    e.style.display = 'block';
    return 1;
  }
}

function toggleBox(szDivId, elem, msg1, msg2)
{
  var res = -1;  if (document.getElementById) {
    res = flip(document.getElementById(szDivId));
  }
  else if (document.all) {
    // this is the way old msie versions work
    res = flip(document.all[szDivId]);
  }
  if(elem) {
    if(res == 0) elem.innerHTML = msg1; else elem.innerHTML = msg2;
  }

}

function toggleAllBoxes() {
  if (document.getElementsByTagName) {
    d = document.getElementsByTagName('div');
    for (i = 0; i < d.length; i++) {
      if (d[i].className == 'log') {
        flip(d[i]);
      }
    }
  }
}

// -->
</script>

</head>
<body>
<h2 align='center'>chromBrowserTest</h2><table border='1' align="center">
<tr>
<td>Tests passed/Failed/Skipped:</td><td>0/0/4</td>
</tr><tr>
<td>Started on:</td><td>Sun Jan 22 14:07:17 IST 2023</td>
</tr>
<tr><td>Total time:</td><td>5 seconds (5447 ms)</td>
</tr><tr>
<td>Included groups:</td><td></td>
</tr><tr>
<td>Excluded groups:</td><td></td>
</tr>
</table><p/>
<small><i>(Hover the method name to see the test class name)</i></small><p/>
<table width='100%' border='1' class='invocation-failed'>
<tr><td colspan='4' align='center'><b>FAILED CONFIGURATIONS</b></td></tr>
<tr><td><b>Test method</b></td>
<td width="30%"><b>Exception</b></td>
<td width="10%"><b>Time (seconds)</b></td>
<td><b>Instance</b></td>
</tr>
<tr>
<td title='package1.PraticePageTestClass.launchBrowser()'><b>launchBrowser</b><br>Test class: package1.PraticePageTestClass<br>Parameters: chrome</td>
<td><div><pre>org.openqa.selenium.SessionNotCreatedException: session not created: No matching capabilities found
Build info: version: &apos;3.141.59&apos;, revision: &apos;e82be7d358&apos;, time: &apos;2018-11-14T08:17:03&apos;
System info: host: &apos;DESKTOP-8EODA8M&apos;, ip: &apos;192.168.0.105&apos;, os.name: &apos;Windows 10&apos;, os.arch: &apos;amd64&apos;, os.version: &apos;10.0&apos;, java.version: &apos;18.0.2&apos;
Driver info: driver.version: ChromeDriver
remote stacktrace: Backtrace:
	Microsoft::Applications::Events::EventProperties::SetProperty [0x00007FF76C030992+15186]
	Microsoft::Applications::Events::EventProperty::EventProperty [0x00007FF76BFC94E2+828818]
	(No symbol) [0x00007FF76BC8ED90]
	(No symbol) [0x00007FF76BCF8877]
	(No symbol) [0x00007FF76BCF7B5E]
	(No symbol) [0x00007FF76BCF9655]
	(No symbol) [0x00007FF76BCF1D23]
	(No symbol) [0x00007FF76BCC3B80]
	(No symbol) [0x00007FF76BCC2B0E]
	(No symbol) [0x00007FF76BCC4344]
	Microsoft::Applications::Events::EventProperties::SetProperty [0x00007FF76BEAB190+182768]
	(No symbol) [0x00007FF76BD7EF45]
	Microsoft::Applications::Events::EventProperty::EventProperty [0x00007FF76BF094CA+42362]
	Microsoft::Applications::Events::EventProperty::EventProperty [0x00007FF76BF0C205+53941]
	Microsoft::Applications::Events::ILogManager::DispatchEventBroadcast [0x00007FF76C227D83+1456595]
	Microsoft::Applications::Events::EventProperty::EventProperty [0x00007FF76BFD1A3A+862954]
	Microsoft::Applications::Events::EventProperty::EventProperty [0x00007FF76BFD6B24+883668]
	Microsoft::Applications::Events::EventProperty::EventProperty [0x00007FF76BFD6C7C+884012]
	Microsoft::Applications::Events::EventProperty::EventProperty [0x00007FF76BFDFC4E+920830]
	BaseThreadInitThunk [0x00007FFB8FC37614+20]
	RtlUserThreadStart [0x00007FFB919A26A1+33]

	at org.openqa.selenium.remote.W3CHandshakeResponse.lambda$errorHandler$0(W3CHandshakeResponse.java:62)
	at org.openqa.selenium.remote.HandshakeResponse.lambda$getResponseFunction$0(HandshakeResponse.java:30)
	at org.openqa.selenium.remote.ProtocolHandshake.lambda$createSession$0(ProtocolHandshake.java:126)
	at java.base/java.util.stream.ReferencePipeline$3$1.accept(ReferencePipeline.java:197)
	at java.base/java.util.Spliterators$ArraySpliterator.tryAdvance(Spliterators.java:1002)
	at java.base/java.util.stream.ReferencePipeline.forEachWithCancel(ReferencePipeline.java:129)
	at java.base/java.util.stream.AbstractPipeline.copyIntoWithCancel(AbstractPipeline.java:527)
	at java.base/java.util.stream.AbstractPipeline.copyInto(AbstractPipeline.java:513)
	at java.base/java.util.stream.AbstractPipeline.wrapAndCopyInto(AbstractPipeline.java:499)
	at java.base/java.util.stream.FindOps$FindOp.evaluateSequential(FindOps.java:150)
	at java.base/java.util.stream.AbstractPipeline.evaluate(AbstractPipeline.java:234)
	at java.base/java.util.stream.ReferencePipeline.findFirst(ReferencePipeline.java:647)
	at org.openqa.selenium.remote.ProtocolHandshake.createSession(ProtocolHandshake.java:128)
	at org.openqa.selenium.remote.ProtocolHandshake.createSession(ProtocolHandshake.java:74)
	at org.openqa.selenium.remote.HttpCommandExecutor.execute(HttpCommandExecutor.java:136)
	at org.openqa.selenium.remote.service.DriverCommandExecutor.execute(DriverCommandExecutor.java:83)
	at org.openqa.selenium.remote.RemoteWebDriver.execute(RemoteWebDriver.java:552)
	at org.openqa.selenium.remote.RemoteWebDriver.startSession(RemoteWebDriver.java:213)
	at org.openqa.selenium.remote.RemoteWebDriver.&lt;init&gt;(RemoteWebDriver.java:131)
	at org.openqa.selenium.chrome.ChromeDriver.&lt;init&gt;(ChromeDriver.java:181)
	at org.openqa.selenium.chrome.ChromeDriver.&lt;init&gt;(ChromeDriver.java:168)
	at org.openqa.selenium.chrome.ChromeDriver.&lt;init&gt;(ChromeDriver.java:123)
	at package1.PraticePageTestClass.launchBrowser(PraticePageTestClass.java:34)
	at java.base/java.util.concurrent.FutureTask.run(FutureTask.java:264)
	at java.base/java.util.concurrent.ThreadPoolExecutor.runWorker(ThreadPoolExecutor.java:1136)
	at java.base/java.util.concurrent.ThreadPoolExecutor$Worker.run(ThreadPoolExecutor.java:635)
	at java.base/java.lang.Thread.run(Thread.java:833)
... Removed 16 stack frames</pre></div><a href='#' onClick='toggleBox("stack-trace24285126", this, "Click to show all stack frames", "Click to hide stack frames")'>Click to show all stack frames</a>
<div class='stack-trace' id='stack-trace24285126'><pre>org.openqa.selenium.SessionNotCreatedException: session not created: No matching capabilities found
Build info: version: &apos;3.141.59&apos;, revision: &apos;e82be7d358&apos;, time: &apos;2018-11-14T08:17:03&apos;
System info: host: &apos;DESKTOP-8EODA8M&apos;, ip: &apos;192.168.0.105&apos;, os.name: &apos;Windows 10&apos;, os.arch: &apos;amd64&apos;, os.version: &apos;10.0&apos;, java.version: &apos;18.0.2&apos;
Driver info: driver.version: ChromeDriver
remote stacktrace: Backtrace:
	Microsoft::Applications::Events::EventProperties::SetProperty [0x00007FF76C030992+15186]
	Microsoft::Applications::Events::EventProperty::EventProperty [0x00007FF76BFC94E2+828818]
	(No symbol) [0x00007FF76BC8ED90]
	(No symbol) [0x00007FF76BCF8877]
	(No symbol) [0x00007FF76BCF7B5E]
	(No symbol) [0x00007FF76BCF9655]
	(No symbol) [0x00007FF76BCF1D23]
	(No symbol) [0x00007FF76BCC3B80]
	(No symbol) [0x00007FF76BCC2B0E]
	(No symbol) [0x00007FF76BCC4344]
	Microsoft::Applications::Events::EventProperties::SetProperty [0x00007FF76BEAB190+182768]
	(No symbol) [0x00007FF76BD7EF45]
	Microsoft::Applications::Events::EventProperty::EventProperty [0x00007FF76BF094CA+42362]
	Microsoft::Applications::Events::EventProperty::EventProperty [0x00007FF76BF0C205+53941]
	Microsoft::Applications::Events::ILogManager::DispatchEventBroadcast [0x00007FF76C227D83+1456595]
	Microsoft::Applications::Events::EventProperty::EventProperty [0x00007FF76BFD1A3A+862954]
	Microsoft::Applications::Events::EventProperty::EventProperty [0x00007FF76BFD6B24+883668]
	Microsoft::Applications::Events::EventProperty::EventProperty [0x00007FF76BFD6C7C+884012]
	Microsoft::Applications::Events::EventProperty::EventProperty [0x00007FF76BFDFC4E+920830]
	BaseThreadInitThunk [0x00007FFB8FC37614+20]
	RtlUserThreadStart [0x00007FFB919A26A1+33]

	at java.base/jdk.internal.reflect.DirectConstructorHandleAccessor.newInstance(DirectConstructorHandleAccessor.java:67)
	at java.base/java.lang.reflect.Constructor.newInstanceWithCaller(Constructor.java:499)
	at java.base/java.lang.reflect.Constructor.newInstance(Constructor.java:483)
	at org.openqa.selenium.remote.W3CHandshakeResponse.lambda$errorHandler$0(W3CHandshakeResponse.java:62)
	at org.openqa.selenium.remote.HandshakeResponse.lambda$getResponseFunction$0(HandshakeResponse.java:30)
	at org.openqa.selenium.remote.ProtocolHandshake.lambda$createSession$0(ProtocolHandshake.java:126)
	at java.base/java.util.stream.ReferencePipeline$3$1.accept(ReferencePipeline.java:197)
	at java.base/java.util.Spliterators$ArraySpliterator.tryAdvance(Spliterators.java:1002)
	at java.base/java.util.stream.ReferencePipeline.forEachWithCancel(ReferencePipeline.java:129)
	at java.base/java.util.stream.AbstractPipeline.copyIntoWithCancel(AbstractPipeline.java:527)
	at java.base/java.util.stream.AbstractPipeline.copyInto(AbstractPipeline.java:513)
	at java.base/java.util.stream.AbstractPipeline.wrapAndCopyInto(AbstractPipeline.java:499)
	at java.base/java.util.stream.FindOps$FindOp.evaluateSequential(FindOps.java:150)
	at java.base/java.util.stream.AbstractPipeline.evaluate(AbstractPipeline.java:234)
	at java.base/java.util.stream.ReferencePipeline.findFirst(ReferencePipeline.java:647)
	at org.openqa.selenium.remote.ProtocolHandshake.createSession(ProtocolHandshake.java:128)
	at org.openqa.selenium.remote.ProtocolHandshake.createSession(ProtocolHandshake.java:74)
	at org.openqa.selenium.remote.HttpCommandExecutor.execute(HttpCommandExecutor.java:136)
	at org.openqa.selenium.remote.service.DriverCommandExecutor.execute(DriverCommandExecutor.java:83)
	at org.openqa.selenium.remote.RemoteWebDriver.execute(RemoteWebDriver.java:552)
	at org.openqa.selenium.remote.RemoteWebDriver.startSession(RemoteWebDriver.java:213)
	at org.openqa.selenium.remote.RemoteWebDriver.&lt;init&gt;(RemoteWebDriver.java:131)
	at org.openqa.selenium.chrome.ChromeDriver.&lt;init&gt;(ChromeDriver.java:181)
	at org.openqa.selenium.chrome.ChromeDriver.&lt;init&gt;(ChromeDriver.java:168)
	at org.openqa.selenium.chrome.ChromeDriver.&lt;init&gt;(ChromeDriver.java:123)
	at package1.PraticePageTestClass.launchBrowser(PraticePageTestClass.java:34)
	at java.base/jdk.internal.reflect.DirectMethodHandleAccessor.invoke(DirectMethodHandleAccessor.java:104)
	at java.base/java.lang.reflect.Method.invoke(Method.java:577)
	at org.testng.internal.MethodInvocationHelper.invokeMethod(MethodInvocationHelper.java:133)
	at org.testng.internal.MethodInvocationHelper.invokeMethodConsideringTimeout(MethodInvocationHelper.java:62)
	at org.testng.internal.ConfigInvoker.invokeConfigurationMethod(ConfigInvoker.java:385)
	at org.testng.internal.ConfigInvoker.invokeConfigurations(ConfigInvoker.java:321)
	at org.testng.TestRunner.invokeTestConfigurations(TestRunner.java:637)
	at org.testng.TestRunner.beforeRun(TestRunner.java:627)
	at org.testng.TestRunner.run(TestRunner.java:589)
	at org.testng.SuiteRunner.runTest(SuiteRunner.java:377)
	at org.testng.SuiteRunner.access$000(SuiteRunner.java:28)
	at org.testng.SuiteRunner$SuiteWorker.run(SuiteRunner.java:418)
	at org.testng.internal.thread.ThreadUtil.lambda$execute$0(ThreadUtil.java:64)
	at java.base/java.util.concurrent.FutureTask.run(FutureTask.java:264)
	at java.base/java.util.concurrent.ThreadPoolExecutor.runWorker(ThreadPoolExecutor.java:1136)
	at java.base/java.util.concurrent.ThreadPoolExecutor$Worker.run(ThreadPoolExecutor.java:635)
	at java.base/java.lang.Thread.run(Thread.java:833)
</pre></div></td>
<td>0</td>
<td>package1.PraticePageTestClass@7b9a4292</td></tr>
</table><p>
<table width='100%' border='1' class='invocation-skipped'>
<tr><td colspan='4' align='center'><b>SKIPPED CONFIGURATIONS</b></td></tr>
<tr><td><b>Test method</b></td>
<td width="30%"><b>Exception</b></td>
<td width="10%"><b>Time (seconds)</b></td>
<td><b>Instance</b></td>
</tr>
<tr>
<td title='package1.PraticePageTestClass.openPracticePage()'><b>openPracticePage</b><br>Test class: package1.PraticePageTestClass</td>
<td></td>
<td>-1674376643</td>
<td>package1.PraticePageTestClass@7b9a4292</td></tr>
<tr>
<td title='package1.PracticeFrameTestClass.createPOMObjects()'><b>createPOMObjects</b><br>Test class: package1.PracticeFrameTestClass</td>
<td></td>
<td>-1674376643</td>
<td>package1.PracticeFrameTestClass@59309333</td></tr>
<tr>
<td title='package1.PraticePageTestClass.logoutFromApplication()'><b>logoutFromApplication</b><br>Test class: package1.PraticePageTestClass</td>
<td></td>
<td>-1674376643</td>
<td>package1.PraticePageTestClass@7b9a4292</td></tr>
<tr>
<td title='package1.PraticePageTestClass.createPOMObjects()'><b>createPOMObjects</b><br>Test class: package1.PraticePageTestClass</td>
<td></td>
<td>-1674376643</td>
<td>package1.PraticePageTestClass@7b9a4292</td></tr>
<tr>
<td title='package1.PracticeFrameTestClass.closedBrowser()'><b>closedBrowser</b><br>Test class: package1.PracticeFrameTestClass</td>
<td></td>
<td>-1674376643</td>
<td>package1.PracticeFrameTestClass@59309333</td></tr>
<tr>
<td title='package1.PracticeFrameTestClass.cleanPOMObjects()'><b>cleanPOMObjects</b><br>Test class: package1.PracticeFrameTestClass</td>
<td></td>
<td>-1674376643</td>
<td>package1.PracticeFrameTestClass@59309333</td></tr>
<tr>
<td title='package1.PraticePageTestClass.logoutFromApplication()'><b>logoutFromApplication</b><br>Test class: package1.PraticePageTestClass</td>
<td></td>
<td>-1674376643</td>
<td>package1.PraticePageTestClass@7b9a4292</td></tr>
<tr>
<td title='package1.PracticeFrameTestClass.logoutFromApplication()'><b>logoutFromApplication</b><br>Test class: package1.PracticeFrameTestClass</td>
<td></td>
<td>-1674376643</td>
<td>package1.PracticeFrameTestClass@59309333</td></tr>
<tr>
<td title='package1.PraticePageTestClass.logoutFromApplication()'><b>logoutFromApplication</b><br>Test class: package1.PraticePageTestClass</td>
<td></td>
<td>-1674376643</td>
<td>package1.PraticePageTestClass@7b9a4292</td></tr>
<tr>
<td title='package1.PracticeFrameTestClass.openPracticePage()'><b>openPracticePage</b><br>Test class: package1.PracticeFrameTestClass</td>
<td></td>
<td>-1674376643</td>
<td>package1.PracticeFrameTestClass@59309333</td></tr>
<tr>
<td title='package1.PraticePageTestClass.openPracticePage()'><b>openPracticePage</b><br>Test class: package1.PraticePageTestClass</td>
<td></td>
<td>-1674376643</td>
<td>package1.PraticePageTestClass@7b9a4292</td></tr>
<tr>
<td title='package1.PraticePageTestClass.cleanPOMObjects()'><b>cleanPOMObjects</b><br>Test class: package1.PraticePageTestClass</td>
<td></td>
<td>-1674376643</td>
<td>package1.PraticePageTestClass@7b9a4292</td></tr>
<tr>
<td title='package1.PraticePageTestClass.openPracticePage()'><b>openPracticePage</b><br>Test class: package1.PraticePageTestClass</td>
<td></td>
<td>-1674376643</td>
<td>package1.PraticePageTestClass@7b9a4292</td></tr>
<tr>
<td title='package1.PraticePageTestClass.closedBrowser()'><b>closedBrowser</b><br>Test class: package1.PraticePageTestClass</td>
<td></td>
<td>-1674376643</td>
<td>package1.PraticePageTestClass@7b9a4292</td></tr>
</table><p>
<table width='100%' border='1' class='invocation-skipped'>
<tr><td colspan='4' align='center'><b>SKIPPED TESTS</b></td></tr>
<tr><td><b>Test method</b></td>
<td width="30%"><b>Exception</b></td>
<td width="10%"><b>Time (seconds)</b></td>
<td><b>Instance</b></td>
</tr>
<tr>
<td title='package1.PraticePageTestClass.verifyRow3Exmaple()'><b>verifyRow3Exmaple</b><br>Test class: package1.PraticePageTestClass</td>
<td><div><pre>org.openqa.selenium.SessionNotCreatedException: session not created: No matching capabilities found
Build info: version: &apos;3.141.59&apos;, revision: &apos;e82be7d358&apos;, time: &apos;2018-11-14T08:17:03&apos;
System info: host: &apos;DESKTOP-8EODA8M&apos;, ip: &apos;192.168.0.105&apos;, os.name: &apos;Windows 10&apos;, os.arch: &apos;amd64&apos;, os.version: &apos;10.0&apos;, java.version: &apos;18.0.2&apos;
Driver info: driver.version: ChromeDriver
remote stacktrace: Backtrace:
	Microsoft::Applications::Events::EventProperties::SetProperty [0x00007FF76C030992+15186]
	Microsoft::Applications::Events::EventProperty::EventProperty [0x00007FF76BFC94E2+828818]
	(No symbol) [0x00007FF76BC8ED90]
	(No symbol) [0x00007FF76BCF8877]
	(No symbol) [0x00007FF76BCF7B5E]
	(No symbol) [0x00007FF76BCF9655]
	(No symbol) [0x00007FF76BCF1D23]
	(No symbol) [0x00007FF76BCC3B80]
	(No symbol) [0x00007FF76BCC2B0E]
	(No symbol) [0x00007FF76BCC4344]
	Microsoft::Applications::Events::EventProperties::SetProperty [0x00007FF76BEAB190+182768]
	(No symbol) [0x00007FF76BD7EF45]
	Microsoft::Applications::Events::EventProperty::EventProperty [0x00007FF76BF094CA+42362]
	Microsoft::Applications::Events::EventProperty::EventProperty [0x00007FF76BF0C205+53941]
	Microsoft::Applications::Events::ILogManager::DispatchEventBroadcast [0x00007FF76C227D83+1456595]
	Microsoft::Applications::Events::EventProperty::EventProperty [0x00007FF76BFD1A3A+862954]
	Microsoft::Applications::Events::EventProperty::EventProperty [0x00007FF76BFD6B24+883668]
	Microsoft::Applications::Events::EventProperty::EventProperty [0x00007FF76BFD6C7C+884012]
	Microsoft::Applications::Events::EventProperty::EventProperty [0x00007FF76BFDFC4E+920830]
	BaseThreadInitThunk [0x00007FFB8FC37614+20]
	RtlUserThreadStart [0x00007FFB919A26A1+33]

	at org.openqa.selenium.remote.W3CHandshakeResponse.lambda$errorHandler$0(W3CHandshakeResponse.java:62)
	at org.openqa.selenium.remote.HandshakeResponse.lambda$getResponseFunction$0(HandshakeResponse.java:30)
	at org.openqa.selenium.remote.ProtocolHandshake.lambda$createSession$0(ProtocolHandshake.java:126)
	at java.base/java.util.stream.ReferencePipeline$3$1.accept(ReferencePipeline.java:197)
	at java.base/java.util.Spliterators$ArraySpliterator.tryAdvance(Spliterators.java:1002)
	at java.base/java.util.stream.ReferencePipeline.forEachWithCancel(ReferencePipeline.java:129)
	at java.base/java.util.stream.AbstractPipeline.copyIntoWithCancel(AbstractPipeline.java:527)
	at java.base/java.util.stream.AbstractPipeline.copyInto(AbstractPipeline.java:513)
	at java.base/java.util.stream.AbstractPipeline.wrapAndCopyInto(AbstractPipeline.java:499)
	at java.base/java.util.stream.FindOps$FindOp.evaluateSequential(FindOps.java:150)
	at java.base/java.util.stream.AbstractPipeline.evaluate(AbstractPipeline.java:234)
	at java.base/java.util.stream.ReferencePipeline.findFirst(ReferencePipeline.java:647)
	at org.openqa.selenium.remote.ProtocolHandshake.createSession(ProtocolHandshake.java:128)
	at org.openqa.selenium.remote.ProtocolHandshake.createSession(ProtocolHandshake.java:74)
	at org.openqa.selenium.remote.HttpCommandExecutor.execute(HttpCommandExecutor.java:136)
	at org.openqa.selenium.remote.service.DriverCommandExecutor.execute(DriverCommandExecutor.java:83)
	at org.openqa.selenium.remote.RemoteWebDriver.execute(RemoteWebDriver.java:552)
	at org.openqa.selenium.remote.RemoteWebDriver.startSession(RemoteWebDriver.java:213)
	at org.openqa.selenium.remote.RemoteWebDriver.&lt;init&gt;(RemoteWebDriver.java:131)
	at org.openqa.selenium.chrome.ChromeDriver.&lt;init&gt;(ChromeDriver.java:181)
	at org.openqa.selenium.chrome.ChromeDriver.&lt;init&gt;(ChromeDriver.java:168)
	at org.openqa.selenium.chrome.ChromeDriver.&lt;init&gt;(ChromeDriver.java:123)
	at package1.PraticePageTestClass.launchBrowser(PraticePageTestClass.java:34)
	at java.base/java.util.concurrent.FutureTask.run(FutureTask.java:264)
	at java.base/java.util.concurrent.ThreadPoolExecutor.runWorker(ThreadPoolExecutor.java:1136)
	at java.base/java.util.concurrent.ThreadPoolExecutor$Worker.run(ThreadPoolExecutor.java:635)
	at java.base/java.lang.Thread.run(Thread.java:833)
... Removed 16 stack frames</pre></div><a href='#' onClick='toggleBox("stack-trace84164260", this, "Click to show all stack frames", "Click to hide stack frames")'>Click to show all stack frames</a>
<div class='stack-trace' id='stack-trace84164260'><pre>org.openqa.selenium.SessionNotCreatedException: session not created: No matching capabilities found
Build info: version: &apos;3.141.59&apos;, revision: &apos;e82be7d358&apos;, time: &apos;2018-11-14T08:17:03&apos;
System info: host: &apos;DESKTOP-8EODA8M&apos;, ip: &apos;192.168.0.105&apos;, os.name: &apos;Windows 10&apos;, os.arch: &apos;amd64&apos;, os.version: &apos;10.0&apos;, java.version: &apos;18.0.2&apos;
Driver info: driver.version: ChromeDriver
remote stacktrace: Backtrace:
	Microsoft::Applications::Events::EventProperties::SetProperty [0x00007FF76C030992+15186]
	Microsoft::Applications::Events::EventProperty::EventProperty [0x00007FF76BFC94E2+828818]
	(No symbol) [0x00007FF76BC8ED90]
	(No symbol) [0x00007FF76BCF8877]
	(No symbol) [0x00007FF76BCF7B5E]
	(No symbol) [0x00007FF76BCF9655]
	(No symbol) [0x00007FF76BCF1D23]
	(No symbol) [0x00007FF76BCC3B80]
	(No symbol) [0x00007FF76BCC2B0E]
	(No symbol) [0x00007FF76BCC4344]
	Microsoft::Applications::Events::EventProperties::SetProperty [0x00007FF76BEAB190+182768]
	(No symbol) [0x00007FF76BD7EF45]
	Microsoft::Applications::Events::EventProperty::EventProperty [0x00007FF76BF094CA+42362]
	Microsoft::Applications::Events::EventProperty::EventProperty [0x00007FF76BF0C205+53941]
	Microsoft::Applications::Events::ILogManager::DispatchEventBroadcast [0x00007FF76C227D83+1456595]
	Microsoft::Applications::Events::EventProperty::EventProperty [0x00007FF76BFD1A3A+862954]
	Microsoft::Applications::Events::EventProperty::EventProperty [0x00007FF76BFD6B24+883668]
	Microsoft::Applications::Events::EventProperty::EventProperty [0x00007FF76BFD6C7C+884012]
	Microsoft::Applications::Events::EventProperty::EventProperty [0x00007FF76BFDFC4E+920830]
	BaseThreadInitThunk [0x00007FFB8FC37614+20]
	RtlUserThreadStart [0x00007FFB919A26A1+33]

	at java.base/jdk.internal.reflect.DirectConstructorHandleAccessor.newInstance(DirectConstructorHandleAccessor.java:67)
	at java.base/java.lang.reflect.Constructor.newInstanceWithCaller(Constructor.java:499)
	at java.base/java.lang.reflect.Constructor.newInstance(Constructor.java:483)
	at org.openqa.selenium.remote.W3CHandshakeResponse.lambda$errorHandler$0(W3CHandshakeResponse.java:62)
	at org.openqa.selenium.remote.HandshakeResponse.lambda$getResponseFunction$0(HandshakeResponse.java:30)
	at org.openqa.selenium.remote.ProtocolHandshake.lambda$createSession$0(ProtocolHandshake.java:126)
	at java.base/java.util.stream.ReferencePipeline$3$1.accept(ReferencePipeline.java:197)
	at java.base/java.util.Spliterators$ArraySpliterator.tryAdvance(Spliterators.java:1002)
	at java.base/java.util.stream.ReferencePipeline.forEachWithCancel(ReferencePipeline.java:129)
	at java.base/java.util.stream.AbstractPipeline.copyIntoWithCancel(AbstractPipeline.java:527)
	at java.base/java.util.stream.AbstractPipeline.copyInto(AbstractPipeline.java:513)
	at java.base/java.util.stream.AbstractPipeline.wrapAndCopyInto(AbstractPipeline.java:499)
	at java.base/java.util.stream.FindOps$FindOp.evaluateSequential(FindOps.java:150)
	at java.base/java.util.stream.AbstractPipeline.evaluate(AbstractPipeline.java:234)
	at java.base/java.util.stream.ReferencePipeline.findFirst(ReferencePipeline.java:647)
	at org.openqa.selenium.remote.ProtocolHandshake.createSession(ProtocolHandshake.java:128)
	at org.openqa.selenium.remote.ProtocolHandshake.createSession(ProtocolHandshake.java:74)
	at org.openqa.selenium.remote.HttpCommandExecutor.execute(HttpCommandExecutor.java:136)
	at org.openqa.selenium.remote.service.DriverCommandExecutor.execute(DriverCommandExecutor.java:83)
	at org.openqa.selenium.remote.RemoteWebDriver.execute(RemoteWebDriver.java:552)
	at org.openqa.selenium.remote.RemoteWebDriver.startSession(RemoteWebDriver.java:213)
	at org.openqa.selenium.remote.RemoteWebDriver.&lt;init&gt;(RemoteWebDriver.java:131)
	at org.openqa.selenium.chrome.ChromeDriver.&lt;init&gt;(ChromeDriver.java:181)
	at org.openqa.selenium.chrome.ChromeDriver.&lt;init&gt;(ChromeDriver.java:168)
	at org.openqa.selenium.chrome.ChromeDriver.&lt;init&gt;(ChromeDriver.java:123)
	at package1.PraticePageTestClass.launchBrowser(PraticePageTestClass.java:34)
	at java.base/jdk.internal.reflect.DirectMethodHandleAccessor.invoke(DirectMethodHandleAccessor.java:104)
	at java.base/java.lang.reflect.Method.invoke(Method.java:577)
	at org.testng.internal.MethodInvocationHelper.invokeMethod(MethodInvocationHelper.java:133)
	at org.testng.internal.MethodInvocationHelper.invokeMethodConsideringTimeout(MethodInvocationHelper.java:62)
	at org.testng.internal.ConfigInvoker.invokeConfigurationMethod(ConfigInvoker.java:385)
	at org.testng.internal.ConfigInvoker.invokeConfigurations(ConfigInvoker.java:321)
	at org.testng.TestRunner.invokeTestConfigurations(TestRunner.java:637)
	at org.testng.TestRunner.beforeRun(TestRunner.java:627)
	at org.testng.TestRunner.run(TestRunner.java:589)
	at org.testng.SuiteRunner.runTest(SuiteRunner.java:377)
	at org.testng.SuiteRunner.access$000(SuiteRunner.java:28)
	at org.testng.SuiteRunner$SuiteWorker.run(SuiteRunner.java:418)
	at org.testng.internal.thread.ThreadUtil.lambda$execute$0(ThreadUtil.java:64)
	at java.base/java.util.concurrent.FutureTask.run(FutureTask.java:264)
	at java.base/java.util.concurrent.ThreadPoolExecutor.runWorker(ThreadPoolExecutor.java:1136)
	at java.base/java.util.concurrent.ThreadPoolExecutor$Worker.run(ThreadPoolExecutor.java:635)
	at java.base/java.lang.Thread.run(Thread.java:833)
</pre></div></td>
<td>0</td>
<td>package1.PraticePageTestClass@7b9a4292</td></tr>
<tr>
<td title='package1.PraticePageTestClass.verifyRow2Example()'><b>verifyRow2Example</b><br>Test class: package1.PraticePageTestClass</td>
<td><div><pre>org.openqa.selenium.SessionNotCreatedException: session not created: No matching capabilities found
Build info: version: &apos;3.141.59&apos;, revision: &apos;e82be7d358&apos;, time: &apos;2018-11-14T08:17:03&apos;
System info: host: &apos;DESKTOP-8EODA8M&apos;, ip: &apos;192.168.0.105&apos;, os.name: &apos;Windows 10&apos;, os.arch: &apos;amd64&apos;, os.version: &apos;10.0&apos;, java.version: &apos;18.0.2&apos;
Driver info: driver.version: ChromeDriver
remote stacktrace: Backtrace:
	Microsoft::Applications::Events::EventProperties::SetProperty [0x00007FF76C030992+15186]
	Microsoft::Applications::Events::EventProperty::EventProperty [0x00007FF76BFC94E2+828818]
	(No symbol) [0x00007FF76BC8ED90]
	(No symbol) [0x00007FF76BCF8877]
	(No symbol) [0x00007FF76BCF7B5E]
	(No symbol) [0x00007FF76BCF9655]
	(No symbol) [0x00007FF76BCF1D23]
	(No symbol) [0x00007FF76BCC3B80]
	(No symbol) [0x00007FF76BCC2B0E]
	(No symbol) [0x00007FF76BCC4344]
	Microsoft::Applications::Events::EventProperties::SetProperty [0x00007FF76BEAB190+182768]
	(No symbol) [0x00007FF76BD7EF45]
	Microsoft::Applications::Events::EventProperty::EventProperty [0x00007FF76BF094CA+42362]
	Microsoft::Applications::Events::EventProperty::EventProperty [0x00007FF76BF0C205+53941]
	Microsoft::Applications::Events::ILogManager::DispatchEventBroadcast [0x00007FF76C227D83+1456595]
	Microsoft::Applications::Events::EventProperty::EventProperty [0x00007FF76BFD1A3A+862954]
	Microsoft::Applications::Events::EventProperty::EventProperty [0x00007FF76BFD6B24+883668]
	Microsoft::Applications::Events::EventProperty::EventProperty [0x00007FF76BFD6C7C+884012]
	Microsoft::Applications::Events::EventProperty::EventProperty [0x00007FF76BFDFC4E+920830]
	BaseThreadInitThunk [0x00007FFB8FC37614+20]
	RtlUserThreadStart [0x00007FFB919A26A1+33]

	at org.openqa.selenium.remote.W3CHandshakeResponse.lambda$errorHandler$0(W3CHandshakeResponse.java:62)
	at org.openqa.selenium.remote.HandshakeResponse.lambda$getResponseFunction$0(HandshakeResponse.java:30)
	at org.openqa.selenium.remote.ProtocolHandshake.lambda$createSession$0(ProtocolHandshake.java:126)
	at java.base/java.util.stream.ReferencePipeline$3$1.accept(ReferencePipeline.java:197)
	at java.base/java.util.Spliterators$ArraySpliterator.tryAdvance(Spliterators.java:1002)
	at java.base/java.util.stream.ReferencePipeline.forEachWithCancel(ReferencePipeline.java:129)
	at java.base/java.util.stream.AbstractPipeline.copyIntoWithCancel(AbstractPipeline.java:527)
	at java.base/java.util.stream.AbstractPipeline.copyInto(AbstractPipeline.java:513)
	at java.base/java.util.stream.AbstractPipeline.wrapAndCopyInto(AbstractPipeline.java:499)
	at java.base/java.util.stream.FindOps$FindOp.evaluateSequential(FindOps.java:150)
	at java.base/java.util.stream.AbstractPipeline.evaluate(AbstractPipeline.java:234)
	at java.base/java.util.stream.ReferencePipeline.findFirst(ReferencePipeline.java:647)
	at org.openqa.selenium.remote.ProtocolHandshake.createSession(ProtocolHandshake.java:128)
	at org.openqa.selenium.remote.ProtocolHandshake.createSession(ProtocolHandshake.java:74)
	at org.openqa.selenium.remote.HttpCommandExecutor.execute(HttpCommandExecutor.java:136)
	at org.openqa.selenium.remote.service.DriverCommandExecutor.execute(DriverCommandExecutor.java:83)
	at org.openqa.selenium.remote.RemoteWebDriver.execute(RemoteWebDriver.java:552)
	at org.openqa.selenium.remote.RemoteWebDriver.startSession(RemoteWebDriver.java:213)
	at org.openqa.selenium.remote.RemoteWebDriver.&lt;init&gt;(RemoteWebDriver.java:131)
	at org.openqa.selenium.chrome.ChromeDriver.&lt;init&gt;(ChromeDriver.java:181)
	at org.openqa.selenium.chrome.ChromeDriver.&lt;init&gt;(ChromeDriver.java:168)
	at org.openqa.selenium.chrome.ChromeDriver.&lt;init&gt;(ChromeDriver.java:123)
	at package1.PraticePageTestClass.launchBrowser(PraticePageTestClass.java:34)
	at java.base/java.util.concurrent.FutureTask.run(FutureTask.java:264)
	at java.base/java.util.concurrent.ThreadPoolExecutor.runWorker(ThreadPoolExecutor.java:1136)
	at java.base/java.util.concurrent.ThreadPoolExecutor$Worker.run(ThreadPoolExecutor.java:635)
	at java.base/java.lang.Thread.run(Thread.java:833)
... Removed 16 stack frames</pre></div><a href='#' onClick='toggleBox("stack-trace1215023592", this, "Click to show all stack frames", "Click to hide stack frames")'>Click to show all stack frames</a>
<div class='stack-trace' id='stack-trace1215023592'><pre>org.openqa.selenium.SessionNotCreatedException: session not created: No matching capabilities found
Build info: version: &apos;3.141.59&apos;, revision: &apos;e82be7d358&apos;, time: &apos;2018-11-14T08:17:03&apos;
System info: host: &apos;DESKTOP-8EODA8M&apos;, ip: &apos;192.168.0.105&apos;, os.name: &apos;Windows 10&apos;, os.arch: &apos;amd64&apos;, os.version: &apos;10.0&apos;, java.version: &apos;18.0.2&apos;
Driver info: driver.version: ChromeDriver
remote stacktrace: Backtrace:
	Microsoft::Applications::Events::EventProperties::SetProperty [0x00007FF76C030992+15186]
	Microsoft::Applications::Events::EventProperty::EventProperty [0x00007FF76BFC94E2+828818]
	(No symbol) [0x00007FF76BC8ED90]
	(No symbol) [0x00007FF76BCF8877]
	(No symbol) [0x00007FF76BCF7B5E]
	(No symbol) [0x00007FF76BCF9655]
	(No symbol) [0x00007FF76BCF1D23]
	(No symbol) [0x00007FF76BCC3B80]
	(No symbol) [0x00007FF76BCC2B0E]
	(No symbol) [0x00007FF76BCC4344]
	Microsoft::Applications::Events::EventProperties::SetProperty [0x00007FF76BEAB190+182768]
	(No symbol) [0x00007FF76BD7EF45]
	Microsoft::Applications::Events::EventProperty::EventProperty [0x00007FF76BF094CA+42362]
	Microsoft::Applications::Events::EventProperty::EventProperty [0x00007FF76BF0C205+53941]
	Microsoft::Applications::Events::ILogManager::DispatchEventBroadcast [0x00007FF76C227D83+1456595]
	Microsoft::Applications::Events::EventProperty::EventProperty [0x00007FF76BFD1A3A+862954]
	Microsoft::Applications::Events::EventProperty::EventProperty [0x00007FF76BFD6B24+883668]
	Microsoft::Applications::Events::EventProperty::EventProperty [0x00007FF76BFD6C7C+884012]
	Microsoft::Applications::Events::EventProperty::EventProperty [0x00007FF76BFDFC4E+920830]
	BaseThreadInitThunk [0x00007FFB8FC37614+20]
	RtlUserThreadStart [0x00007FFB919A26A1+33]

	at java.base/jdk.internal.reflect.DirectConstructorHandleAccessor.newInstance(DirectConstructorHandleAccessor.java:67)
	at java.base/java.lang.reflect.Constructor.newInstanceWithCaller(Constructor.java:499)
	at java.base/java.lang.reflect.Constructor.newInstance(Constructor.java:483)
	at org.openqa.selenium.remote.W3CHandshakeResponse.lambda$errorHandler$0(W3CHandshakeResponse.java:62)
	at org.openqa.selenium.remote.HandshakeResponse.lambda$getResponseFunction$0(HandshakeResponse.java:30)
	at org.openqa.selenium.remote.ProtocolHandshake.lambda$createSession$0(ProtocolHandshake.java:126)
	at java.base/java.util.stream.ReferencePipeline$3$1.accept(ReferencePipeline.java:197)
	at java.base/java.util.Spliterators$ArraySpliterator.tryAdvance(Spliterators.java:1002)
	at java.base/java.util.stream.ReferencePipeline.forEachWithCancel(ReferencePipeline.java:129)
	at java.base/java.util.stream.AbstractPipeline.copyIntoWithCancel(AbstractPipeline.java:527)
	at java.base/java.util.stream.AbstractPipeline.copyInto(AbstractPipeline.java:513)
	at java.base/java.util.stream.AbstractPipeline.wrapAndCopyInto(AbstractPipeline.java:499)
	at java.base/java.util.stream.FindOps$FindOp.evaluateSequential(FindOps.java:150)
	at java.base/java.util.stream.AbstractPipeline.evaluate(AbstractPipeline.java:234)
	at java.base/java.util.stream.ReferencePipeline.findFirst(ReferencePipeline.java:647)
	at org.openqa.selenium.remote.ProtocolHandshake.createSession(ProtocolHandshake.java:128)
	at org.openqa.selenium.remote.ProtocolHandshake.createSession(ProtocolHandshake.java:74)
	at org.openqa.selenium.remote.HttpCommandExecutor.execute(HttpCommandExecutor.java:136)
	at org.openqa.selenium.remote.service.DriverCommandExecutor.execute(DriverCommandExecutor.java:83)
	at org.openqa.selenium.remote.RemoteWebDriver.execute(RemoteWebDriver.java:552)
	at org.openqa.selenium.remote.RemoteWebDriver.startSession(RemoteWebDriver.java:213)
	at org.openqa.selenium.remote.RemoteWebDriver.&lt;init&gt;(RemoteWebDriver.java:131)
	at org.openqa.selenium.chrome.ChromeDriver.&lt;init&gt;(ChromeDriver.java:181)
	at org.openqa.selenium.chrome.ChromeDriver.&lt;init&gt;(ChromeDriver.java:168)
	at org.openqa.selenium.chrome.ChromeDriver.&lt;init&gt;(ChromeDriver.java:123)
	at package1.PraticePageTestClass.launchBrowser(PraticePageTestClass.java:34)
	at java.base/jdk.internal.reflect.DirectMethodHandleAccessor.invoke(DirectMethodHandleAccessor.java:104)
	at java.base/java.lang.reflect.Method.invoke(Method.java:577)
	at org.testng.internal.MethodInvocationHelper.invokeMethod(MethodInvocationHelper.java:133)
	at org.testng.internal.MethodInvocationHelper.invokeMethodConsideringTimeout(MethodInvocationHelper.java:62)
	at org.testng.internal.ConfigInvoker.invokeConfigurationMethod(ConfigInvoker.java:385)
	at org.testng.internal.ConfigInvoker.invokeConfigurations(ConfigInvoker.java:321)
	at org.testng.TestRunner.invokeTestConfigurations(TestRunner.java:637)
	at org.testng.TestRunner.beforeRun(TestRunner.java:627)
	at org.testng.TestRunner.run(TestRunner.java:589)
	at org.testng.SuiteRunner.runTest(SuiteRunner.java:377)
	at org.testng.SuiteRunner.access$000(SuiteRunner.java:28)
	at org.testng.SuiteRunner$SuiteWorker.run(SuiteRunner.java:418)
	at org.testng.internal.thread.ThreadUtil.lambda$execute$0(ThreadUtil.java:64)
	at java.base/java.util.concurrent.FutureTask.run(FutureTask.java:264)
	at java.base/java.util.concurrent.ThreadPoolExecutor.runWorker(ThreadPoolExecutor.java:1136)
	at java.base/java.util.concurrent.ThreadPoolExecutor$Worker.run(ThreadPoolExecutor.java:635)
	at java.base/java.lang.Thread.run(Thread.java:833)
</pre></div></td>
<td>0</td>
<td>package1.PraticePageTestClass@7b9a4292</td></tr>
<tr>
<td title='package1.PracticeFrameTestClass.verifyIframeexample()'><b>verifyIframeexample</b><br>Test class: package1.PracticeFrameTestClass</td>
<td><div><pre>org.openqa.selenium.SessionNotCreatedException: session not created: No matching capabilities found
Build info: version: &apos;3.141.59&apos;, revision: &apos;e82be7d358&apos;, time: &apos;2018-11-14T08:17:03&apos;
System info: host: &apos;DESKTOP-8EODA8M&apos;, ip: &apos;192.168.0.105&apos;, os.name: &apos;Windows 10&apos;, os.arch: &apos;amd64&apos;, os.version: &apos;10.0&apos;, java.version: &apos;18.0.2&apos;
Driver info: driver.version: ChromeDriver
remote stacktrace: Backtrace:
	Microsoft::Applications::Events::EventProperties::SetProperty [0x00007FF76C030992+15186]
	Microsoft::Applications::Events::EventProperty::EventProperty [0x00007FF76BFC94E2+828818]
	(No symbol) [0x00007FF76BC8ED90]
	(No symbol) [0x00007FF76BCF8877]
	(No symbol) [0x00007FF76BCF7B5E]
	(No symbol) [0x00007FF76BCF9655]
	(No symbol) [0x00007FF76BCF1D23]
	(No symbol) [0x00007FF76BCC3B80]
	(No symbol) [0x00007FF76BCC2B0E]
	(No symbol) [0x00007FF76BCC4344]
	Microsoft::Applications::Events::EventProperties::SetProperty [0x00007FF76BEAB190+182768]
	(No symbol) [0x00007FF76BD7EF45]
	Microsoft::Applications::Events::EventProperty::EventProperty [0x00007FF76BF094CA+42362]
	Microsoft::Applications::Events::EventProperty::EventProperty [0x00007FF76BF0C205+53941]
	Microsoft::Applications::Events::ILogManager::DispatchEventBroadcast [0x00007FF76C227D83+1456595]
	Microsoft::Applications::Events::EventProperty::EventProperty [0x00007FF76BFD1A3A+862954]
	Microsoft::Applications::Events::EventProperty::EventProperty [0x00007FF76BFD6B24+883668]
	Microsoft::Applications::Events::EventProperty::EventProperty [0x00007FF76BFD6C7C+884012]
	Microsoft::Applications::Events::EventProperty::EventProperty [0x00007FF76BFDFC4E+920830]
	BaseThreadInitThunk [0x00007FFB8FC37614+20]
	RtlUserThreadStart [0x00007FFB919A26A1+33]

	at org.openqa.selenium.remote.W3CHandshakeResponse.lambda$errorHandler$0(W3CHandshakeResponse.java:62)
	at org.openqa.selenium.remote.HandshakeResponse.lambda$getResponseFunction$0(HandshakeResponse.java:30)
	at org.openqa.selenium.remote.ProtocolHandshake.lambda$createSession$0(ProtocolHandshake.java:126)
	at java.base/java.util.stream.ReferencePipeline$3$1.accept(ReferencePipeline.java:197)
	at java.base/java.util.Spliterators$ArraySpliterator.tryAdvance(Spliterators.java:1002)
	at java.base/java.util.stream.ReferencePipeline.forEachWithCancel(ReferencePipeline.java:129)
	at java.base/java.util.stream.AbstractPipeline.copyIntoWithCancel(AbstractPipeline.java:527)
	at java.base/java.util.stream.AbstractPipeline.copyInto(AbstractPipeline.java:513)
	at java.base/java.util.stream.AbstractPipeline.wrapAndCopyInto(AbstractPipeline.java:499)
	at java.base/java.util.stream.FindOps$FindOp.evaluateSequential(FindOps.java:150)
	at java.base/java.util.stream.AbstractPipeline.evaluate(AbstractPipeline.java:234)
	at java.base/java.util.stream.ReferencePipeline.findFirst(ReferencePipeline.java:647)
	at org.openqa.selenium.remote.ProtocolHandshake.createSession(ProtocolHandshake.java:128)
	at org.openqa.selenium.remote.ProtocolHandshake.createSession(ProtocolHandshake.java:74)
	at org.openqa.selenium.remote.HttpCommandExecutor.execute(HttpCommandExecutor.java:136)
	at org.openqa.selenium.remote.service.DriverCommandExecutor.execute(DriverCommandExecutor.java:83)
	at org.openqa.selenium.remote.RemoteWebDriver.execute(RemoteWebDriver.java:552)
	at org.openqa.selenium.remote.RemoteWebDriver.startSession(RemoteWebDriver.java:213)
	at org.openqa.selenium.remote.RemoteWebDriver.&lt;init&gt;(RemoteWebDriver.java:131)
	at org.openqa.selenium.chrome.ChromeDriver.&lt;init&gt;(ChromeDriver.java:181)
	at org.openqa.selenium.chrome.ChromeDriver.&lt;init&gt;(ChromeDriver.java:168)
	at org.openqa.selenium.chrome.ChromeDriver.&lt;init&gt;(ChromeDriver.java:123)
	at package1.PraticePageTestClass.launchBrowser(PraticePageTestClass.java:34)
	at java.base/java.util.concurrent.FutureTask.run(FutureTask.java:264)
	at java.base/java.util.concurrent.ThreadPoolExecutor.runWorker(ThreadPoolExecutor.java:1136)
	at java.base/java.util.concurrent.ThreadPoolExecutor$Worker.run(ThreadPoolExecutor.java:635)
	at java.base/java.lang.Thread.run(Thread.java:833)
... Removed 16 stack frames</pre></div><a href='#' onClick='toggleBox("stack-trace410279502", this, "Click to show all stack frames", "Click to hide stack frames")'>Click to show all stack frames</a>
<div class='stack-trace' id='stack-trace410279502'><pre>org.openqa.selenium.SessionNotCreatedException: session not created: No matching capabilities found
Build info: version: &apos;3.141.59&apos;, revision: &apos;e82be7d358&apos;, time: &apos;2018-11-14T08:17:03&apos;
System info: host: &apos;DESKTOP-8EODA8M&apos;, ip: &apos;192.168.0.105&apos;, os.name: &apos;Windows 10&apos;, os.arch: &apos;amd64&apos;, os.version: &apos;10.0&apos;, java.version: &apos;18.0.2&apos;
Driver info: driver.version: ChromeDriver
remote stacktrace: Backtrace:
	Microsoft::Applications::Events::EventProperties::SetProperty [0x00007FF76C030992+15186]
	Microsoft::Applications::Events::EventProperty::EventProperty [0x00007FF76BFC94E2+828818]
	(No symbol) [0x00007FF76BC8ED90]
	(No symbol) [0x00007FF76BCF8877]
	(No symbol) [0x00007FF76BCF7B5E]
	(No symbol) [0x00007FF76BCF9655]
	(No symbol) [0x00007FF76BCF1D23]
	(No symbol) [0x00007FF76BCC3B80]
	(No symbol) [0x00007FF76BCC2B0E]
	(No symbol) [0x00007FF76BCC4344]
	Microsoft::Applications::Events::EventProperties::SetProperty [0x00007FF76BEAB190+182768]
	(No symbol) [0x00007FF76BD7EF45]
	Microsoft::Applications::Events::EventProperty::EventProperty [0x00007FF76BF094CA+42362]
	Microsoft::Applications::Events::EventProperty::EventProperty [0x00007FF76BF0C205+53941]
	Microsoft::Applications::Events::ILogManager::DispatchEventBroadcast [0x00007FF76C227D83+1456595]
	Microsoft::Applications::Events::EventProperty::EventProperty [0x00007FF76BFD1A3A+862954]
	Microsoft::Applications::Events::EventProperty::EventProperty [0x00007FF76BFD6B24+883668]
	Microsoft::Applications::Events::EventProperty::EventProperty [0x00007FF76BFD6C7C+884012]
	Microsoft::Applications::Events::EventProperty::EventProperty [0x00007FF76BFDFC4E+920830]
	BaseThreadInitThunk [0x00007FFB8FC37614+20]
	RtlUserThreadStart [0x00007FFB919A26A1+33]

	at java.base/jdk.internal.reflect.DirectConstructorHandleAccessor.newInstance(DirectConstructorHandleAccessor.java:67)
	at java.base/java.lang.reflect.Constructor.newInstanceWithCaller(Constructor.java:499)
	at java.base/java.lang.reflect.Constructor.newInstance(Constructor.java:483)
	at org.openqa.selenium.remote.W3CHandshakeResponse.lambda$errorHandler$0(W3CHandshakeResponse.java:62)
	at org.openqa.selenium.remote.HandshakeResponse.lambda$getResponseFunction$0(HandshakeResponse.java:30)
	at org.openqa.selenium.remote.ProtocolHandshake.lambda$createSession$0(ProtocolHandshake.java:126)
	at java.base/java.util.stream.ReferencePipeline$3$1.accept(ReferencePipeline.java:197)
	at java.base/java.util.Spliterators$ArraySpliterator.tryAdvance(Spliterators.java:1002)
	at java.base/java.util.stream.ReferencePipeline.forEachWithCancel(ReferencePipeline.java:129)
	at java.base/java.util.stream.AbstractPipeline.copyIntoWithCancel(AbstractPipeline.java:527)
	at java.base/java.util.stream.AbstractPipeline.copyInto(AbstractPipeline.java:513)
	at java.base/java.util.stream.AbstractPipeline.wrapAndCopyInto(AbstractPipeline.java:499)
	at java.base/java.util.stream.FindOps$FindOp.evaluateSequential(FindOps.java:150)
	at java.base/java.util.stream.AbstractPipeline.evaluate(AbstractPipeline.java:234)
	at java.base/java.util.stream.ReferencePipeline.findFirst(ReferencePipeline.java:647)
	at org.openqa.selenium.remote.ProtocolHandshake.createSession(ProtocolHandshake.java:128)
	at org.openqa.selenium.remote.ProtocolHandshake.createSession(ProtocolHandshake.java:74)
	at org.openqa.selenium.remote.HttpCommandExecutor.execute(HttpCommandExecutor.java:136)
	at org.openqa.selenium.remote.service.DriverCommandExecutor.execute(DriverCommandExecutor.java:83)
	at org.openqa.selenium.remote.RemoteWebDriver.execute(RemoteWebDriver.java:552)
	at org.openqa.selenium.remote.RemoteWebDriver.startSession(RemoteWebDriver.java:213)
	at org.openqa.selenium.remote.RemoteWebDriver.&lt;init&gt;(RemoteWebDriver.java:131)
	at org.openqa.selenium.chrome.ChromeDriver.&lt;init&gt;(ChromeDriver.java:181)
	at org.openqa.selenium.chrome.ChromeDriver.&lt;init&gt;(ChromeDriver.java:168)
	at org.openqa.selenium.chrome.ChromeDriver.&lt;init&gt;(ChromeDriver.java:123)
	at package1.PraticePageTestClass.launchBrowser(PraticePageTestClass.java:34)
	at java.base/jdk.internal.reflect.DirectMethodHandleAccessor.invoke(DirectMethodHandleAccessor.java:104)
	at java.base/java.lang.reflect.Method.invoke(Method.java:577)
	at org.testng.internal.MethodInvocationHelper.invokeMethod(MethodInvocationHelper.java:133)
	at org.testng.internal.MethodInvocationHelper.invokeMethodConsideringTimeout(MethodInvocationHelper.java:62)
	at org.testng.internal.ConfigInvoker.invokeConfigurationMethod(ConfigInvoker.java:385)
	at org.testng.internal.ConfigInvoker.invokeConfigurations(ConfigInvoker.java:321)
	at org.testng.TestRunner.invokeTestConfigurations(TestRunner.java:637)
	at org.testng.TestRunner.beforeRun(TestRunner.java:627)
	at org.testng.TestRunner.run(TestRunner.java:589)
	at org.testng.SuiteRunner.runTest(SuiteRunner.java:377)
	at org.testng.SuiteRunner.access$000(SuiteRunner.java:28)
	at org.testng.SuiteRunner$SuiteWorker.run(SuiteRunner.java:418)
	at org.testng.internal.thread.ThreadUtil.lambda$execute$0(ThreadUtil.java:64)
	at java.base/java.util.concurrent.FutureTask.run(FutureTask.java:264)
	at java.base/java.util.concurrent.ThreadPoolExecutor.runWorker(ThreadPoolExecutor.java:1136)
	at java.base/java.util.concurrent.ThreadPoolExecutor$Worker.run(ThreadPoolExecutor.java:635)
	at java.base/java.lang.Thread.run(Thread.java:833)
</pre></div></td>
<td>0</td>
<td>package1.PracticeFrameTestClass@59309333</td></tr>
<tr>
<td title='package1.PraticePageTestClass.verifyRow1example()'><b>verifyRow1example</b><br>Test class: package1.PraticePageTestClass</td>
<td><div><pre>org.openqa.selenium.SessionNotCreatedException: session not created: No matching capabilities found
Build info: version: &apos;3.141.59&apos;, revision: &apos;e82be7d358&apos;, time: &apos;2018-11-14T08:17:03&apos;
System info: host: &apos;DESKTOP-8EODA8M&apos;, ip: &apos;192.168.0.105&apos;, os.name: &apos;Windows 10&apos;, os.arch: &apos;amd64&apos;, os.version: &apos;10.0&apos;, java.version: &apos;18.0.2&apos;
Driver info: driver.version: ChromeDriver
remote stacktrace: Backtrace:
	Microsoft::Applications::Events::EventProperties::SetProperty [0x00007FF76C030992+15186]
	Microsoft::Applications::Events::EventProperty::EventProperty [0x00007FF76BFC94E2+828818]
	(No symbol) [0x00007FF76BC8ED90]
	(No symbol) [0x00007FF76BCF8877]
	(No symbol) [0x00007FF76BCF7B5E]
	(No symbol) [0x00007FF76BCF9655]
	(No symbol) [0x00007FF76BCF1D23]
	(No symbol) [0x00007FF76BCC3B80]
	(No symbol) [0x00007FF76BCC2B0E]
	(No symbol) [0x00007FF76BCC4344]
	Microsoft::Applications::Events::EventProperties::SetProperty [0x00007FF76BEAB190+182768]
	(No symbol) [0x00007FF76BD7EF45]
	Microsoft::Applications::Events::EventProperty::EventProperty [0x00007FF76BF094CA+42362]
	Microsoft::Applications::Events::EventProperty::EventProperty [0x00007FF76BF0C205+53941]
	Microsoft::Applications::Events::ILogManager::DispatchEventBroadcast [0x00007FF76C227D83+1456595]
	Microsoft::Applications::Events::EventProperty::EventProperty [0x00007FF76BFD1A3A+862954]
	Microsoft::Applications::Events::EventProperty::EventProperty [0x00007FF76BFD6B24+883668]
	Microsoft::Applications::Events::EventProperty::EventProperty [0x00007FF76BFD6C7C+884012]
	Microsoft::Applications::Events::EventProperty::EventProperty [0x00007FF76BFDFC4E+920830]
	BaseThreadInitThunk [0x00007FFB8FC37614+20]
	RtlUserThreadStart [0x00007FFB919A26A1+33]

	at org.openqa.selenium.remote.W3CHandshakeResponse.lambda$errorHandler$0(W3CHandshakeResponse.java:62)
	at org.openqa.selenium.remote.HandshakeResponse.lambda$getResponseFunction$0(HandshakeResponse.java:30)
	at org.openqa.selenium.remote.ProtocolHandshake.lambda$createSession$0(ProtocolHandshake.java:126)
	at java.base/java.util.stream.ReferencePipeline$3$1.accept(ReferencePipeline.java:197)
	at java.base/java.util.Spliterators$ArraySpliterator.tryAdvance(Spliterators.java:1002)
	at java.base/java.util.stream.ReferencePipeline.forEachWithCancel(ReferencePipeline.java:129)
	at java.base/java.util.stream.AbstractPipeline.copyIntoWithCancel(AbstractPipeline.java:527)
	at java.base/java.util.stream.AbstractPipeline.copyInto(AbstractPipeline.java:513)
	at java.base/java.util.stream.AbstractPipeline.wrapAndCopyInto(AbstractPipeline.java:499)
	at java.base/java.util.stream.FindOps$FindOp.evaluateSequential(FindOps.java:150)
	at java.base/java.util.stream.AbstractPipeline.evaluate(AbstractPipeline.java:234)
	at java.base/java.util.stream.ReferencePipeline.findFirst(ReferencePipeline.java:647)
	at org.openqa.selenium.remote.ProtocolHandshake.createSession(ProtocolHandshake.java:128)
	at org.openqa.selenium.remote.ProtocolHandshake.createSession(ProtocolHandshake.java:74)
	at org.openqa.selenium.remote.HttpCommandExecutor.execute(HttpCommandExecutor.java:136)
	at org.openqa.selenium.remote.service.DriverCommandExecutor.execute(DriverCommandExecutor.java:83)
	at org.openqa.selenium.remote.RemoteWebDriver.execute(RemoteWebDriver.java:552)
	at org.openqa.selenium.remote.RemoteWebDriver.startSession(RemoteWebDriver.java:213)
	at org.openqa.selenium.remote.RemoteWebDriver.&lt;init&gt;(RemoteWebDriver.java:131)
	at org.openqa.selenium.chrome.ChromeDriver.&lt;init&gt;(ChromeDriver.java:181)
	at org.openqa.selenium.chrome.ChromeDriver.&lt;init&gt;(ChromeDriver.java:168)
	at org.openqa.selenium.chrome.ChromeDriver.&lt;init&gt;(ChromeDriver.java:123)
	at package1.PraticePageTestClass.launchBrowser(PraticePageTestClass.java:34)
	at java.base/java.util.concurrent.FutureTask.run(FutureTask.java:264)
	at java.base/java.util.concurrent.ThreadPoolExecutor.runWorker(ThreadPoolExecutor.java:1136)
	at java.base/java.util.concurrent.ThreadPoolExecutor$Worker.run(ThreadPoolExecutor.java:635)
	at java.base/java.lang.Thread.run(Thread.java:833)
... Removed 16 stack frames</pre></div><a href='#' onClick='toggleBox("stack-trace1918076457", this, "Click to show all stack frames", "Click to hide stack frames")'>Click to show all stack frames</a>
<div class='stack-trace' id='stack-trace1918076457'><pre>org.openqa.selenium.SessionNotCreatedException: session not created: No matching capabilities found
Build info: version: &apos;3.141.59&apos;, revision: &apos;e82be7d358&apos;, time: &apos;2018-11-14T08:17:03&apos;
System info: host: &apos;DESKTOP-8EODA8M&apos;, ip: &apos;192.168.0.105&apos;, os.name: &apos;Windows 10&apos;, os.arch: &apos;amd64&apos;, os.version: &apos;10.0&apos;, java.version: &apos;18.0.2&apos;
Driver info: driver.version: ChromeDriver
remote stacktrace: Backtrace:
	Microsoft::Applications::Events::EventProperties::SetProperty [0x00007FF76C030992+15186]
	Microsoft::Applications::Events::EventProperty::EventProperty [0x00007FF76BFC94E2+828818]
	(No symbol) [0x00007FF76BC8ED90]
	(No symbol) [0x00007FF76BCF8877]
	(No symbol) [0x00007FF76BCF7B5E]
	(No symbol) [0x00007FF76BCF9655]
	(No symbol) [0x00007FF76BCF1D23]
	(No symbol) [0x00007FF76BCC3B80]
	(No symbol) [0x00007FF76BCC2B0E]
	(No symbol) [0x00007FF76BCC4344]
	Microsoft::Applications::Events::EventProperties::SetProperty [0x00007FF76BEAB190+182768]
	(No symbol) [0x00007FF76BD7EF45]
	Microsoft::Applications::Events::EventProperty::EventProperty [0x00007FF76BF094CA+42362]
	Microsoft::Applications::Events::EventProperty::EventProperty [0x00007FF76BF0C205+53941]
	Microsoft::Applications::Events::ILogManager::DispatchEventBroadcast [0x00007FF76C227D83+1456595]
	Microsoft::Applications::Events::EventProperty::EventProperty [0x00007FF76BFD1A3A+862954]
	Microsoft::Applications::Events::EventProperty::EventProperty [0x00007FF76BFD6B24+883668]
	Microsoft::Applications::Events::EventProperty::EventProperty [0x00007FF76BFD6C7C+884012]
	Microsoft::Applications::Events::EventProperty::EventProperty [0x00007FF76BFDFC4E+920830]
	BaseThreadInitThunk [0x00007FFB8FC37614+20]
	RtlUserThreadStart [0x00007FFB919A26A1+33]

	at java.base/jdk.internal.reflect.DirectConstructorHandleAccessor.newInstance(DirectConstructorHandleAccessor.java:67)
	at java.base/java.lang.reflect.Constructor.newInstanceWithCaller(Constructor.java:499)
	at java.base/java.lang.reflect.Constructor.newInstance(Constructor.java:483)
	at org.openqa.selenium.remote.W3CHandshakeResponse.lambda$errorHandler$0(W3CHandshakeResponse.java:62)
	at org.openqa.selenium.remote.HandshakeResponse.lambda$getResponseFunction$0(HandshakeResponse.java:30)
	at org.openqa.selenium.remote.ProtocolHandshake.lambda$createSession$0(ProtocolHandshake.java:126)
	at java.base/java.util.stream.ReferencePipeline$3$1.accept(ReferencePipeline.java:197)
	at java.base/java.util.Spliterators$ArraySpliterator.tryAdvance(Spliterators.java:1002)
	at java.base/java.util.stream.ReferencePipeline.forEachWithCancel(ReferencePipeline.java:129)
	at java.base/java.util.stream.AbstractPipeline.copyIntoWithCancel(AbstractPipeline.java:527)
	at java.base/java.util.stream.AbstractPipeline.copyInto(AbstractPipeline.java:513)
	at java.base/java.util.stream.AbstractPipeline.wrapAndCopyInto(AbstractPipeline.java:499)
	at java.base/java.util.stream.FindOps$FindOp.evaluateSequential(FindOps.java:150)
	at java.base/java.util.stream.AbstractPipeline.evaluate(AbstractPipeline.java:234)
	at java.base/java.util.stream.ReferencePipeline.findFirst(ReferencePipeline.java:647)
	at org.openqa.selenium.remote.ProtocolHandshake.createSession(ProtocolHandshake.java:128)
	at org.openqa.selenium.remote.ProtocolHandshake.createSession(ProtocolHandshake.java:74)
	at org.openqa.selenium.remote.HttpCommandExecutor.execute(HttpCommandExecutor.java:136)
	at org.openqa.selenium.remote.service.DriverCommandExecutor.execute(DriverCommandExecutor.java:83)
	at org.openqa.selenium.remote.RemoteWebDriver.execute(RemoteWebDriver.java:552)
	at org.openqa.selenium.remote.RemoteWebDriver.startSession(RemoteWebDriver.java:213)
	at org.openqa.selenium.remote.RemoteWebDriver.&lt;init&gt;(RemoteWebDriver.java:131)
	at org.openqa.selenium.chrome.ChromeDriver.&lt;init&gt;(ChromeDriver.java:181)
	at org.openqa.selenium.chrome.ChromeDriver.&lt;init&gt;(ChromeDriver.java:168)
	at org.openqa.selenium.chrome.ChromeDriver.&lt;init&gt;(ChromeDriver.java:123)
	at package1.PraticePageTestClass.launchBrowser(PraticePageTestClass.java:34)
	at java.base/jdk.internal.reflect.DirectMethodHandleAccessor.invoke(DirectMethodHandleAccessor.java:104)
	at java.base/java.lang.reflect.Method.invoke(Method.java:577)
	at org.testng.internal.MethodInvocationHelper.invokeMethod(MethodInvocationHelper.java:133)
	at org.testng.internal.MethodInvocationHelper.invokeMethodConsideringTimeout(MethodInvocationHelper.java:62)
	at org.testng.internal.ConfigInvoker.invokeConfigurationMethod(ConfigInvoker.java:385)
	at org.testng.internal.ConfigInvoker.invokeConfigurations(ConfigInvoker.java:321)
	at org.testng.TestRunner.invokeTestConfigurations(TestRunner.java:637)
	at org.testng.TestRunner.beforeRun(TestRunner.java:627)
	at org.testng.TestRunner.run(TestRunner.java:589)
	at org.testng.SuiteRunner.runTest(SuiteRunner.java:377)
	at org.testng.SuiteRunner.access$000(SuiteRunner.java:28)
	at org.testng.SuiteRunner$SuiteWorker.run(SuiteRunner.java:418)
	at org.testng.internal.thread.ThreadUtil.lambda$execute$0(ThreadUtil.java:64)
	at java.base/java.util.concurrent.FutureTask.run(FutureTask.java:264)
	at java.base/java.util.concurrent.ThreadPoolExecutor.runWorker(ThreadPoolExecutor.java:1136)
	at java.base/java.util.concurrent.ThreadPoolExecutor$Worker.run(ThreadPoolExecutor.java:635)
	at java.base/java.lang.Thread.run(Thread.java:833)
</pre></div></td>
<td>0</td>
<td>package1.PraticePageTestClass@7b9a4292</td></tr>
</table><p>
</body>
</html>